TN:
SF:src\dao\customer-dao.ts
FN:5,getAllCustomers
FN:9,(anonymous_1)
FN:12,(anonymous_2)
FN:19,getCustomerById
FN:23,(anonymous_4)
FN:23,(anonymous_5)
FN:28,saveCustomer
FN:37,(anonymous_7)
FN:37,(anonymous_8)
FNF:9
FNH:0
FNDA:0,getAllCustomers
FNDA:0,(anonymous_1)
FNDA:0,(anonymous_2)
FNDA:0,getCustomerById
FNDA:0,(anonymous_4)
FNDA:0,(anonymous_5)
FNDA:0,saveCustomer
FNDA:0,(anonymous_7)
FNDA:0,(anonymous_8)
DA:1,2
DA:2,2
DA:5,2
DA:7,0
DA:9,0
DA:10,0
DA:12,0
DA:13,0
DA:19,2
DA:20,0
DA:22,0
DA:23,0
DA:28,2
DA:29,0
DA:32,0
DA:37,0
LF:16
LH:5
BRF:0
BRH:0
end_of_record
TN:
SF:src\dao\db.ts
FNF:0
FNH:0
DA:1,2
DA:3,2
LF:2
LH:2
BRF:0
BRH:0
end_of_record
TN:
SF:src\models\Customer.ts
FN:16,(anonymous_0)
FN:9,(anonymous_1)
FNF:2
FNH:1
FNDA:7,(anonymous_0)
FNDA:0,(anonymous_1)
DA:1,3
DA:10,0
DA:13,0
DA:17,7
DA:18,7
DA:19,7
DA:20,7
DA:21,7
LF:8
LH:6
BRF:0
BRH:0
end_of_record
TN:
SF:src\routers\customer-router.ts
FN:10,(anonymous_2)
FN:11,(anonymous_3)
FN:15,(anonymous_4)
FN:25,(anonymous_5)
FN:27,(anonymous_6)
FN:34,(anonymous_7)
FN:45,(anonymous_8)
FN:48,(anonymous_9)
FN:52,(anonymous_10)
FNF:9
FNH:9
FNDA:2,(anonymous_2)
FNDA:1,(anonymous_3)
FNDA:1,(anonymous_4)
FNDA:3,(anonymous_5)
FNDA:2,(anonymous_6)
FNDA:1,(anonymous_7)
FNDA:2,(anonymous_8)
FNDA:1,(anonymous_9)
FNDA:1,(anonymous_10)
DA:1,1
DA:2,1
DA:4,1
DA:10,1
DA:11,2
DA:12,1
DA:13,1
DA:14,1
DA:16,1
DA:25,1
DA:26,3
DA:27,3
DA:28,2
DA:29,1
DA:31,1
DA:33,2
DA:35,1
DA:36,1
DA:45,1
DA:46,2
DA:47,2
DA:49,1
DA:50,1
DA:51,1
DA:53,1
LF:25
LH:25
BRDA:28,0,0,1
BRDA:28,0,1,1
BRF:2
BRH:2
end_of_record
TN:
SF:src\services\customer-service.ts
FN:5,getAllCustomers
FN:10,getCustomerById
FN:15,saveCustomer
FN:29,(anonymous_4)
FNF:4
FNH:2
FNDA:0,getAllCustomers
FNDA:0,getCustomerById
FNDA:7,saveCustomer
FNDA:4,(anonymous_4)
DA:1,2
DA:2,2
DA:5,2
DA:6,0
DA:10,2
DA:11,0
DA:15,2
DA:17,7
DA:19,7
DA:25,7
DA:27,3
DA:29,4
LF:12
LH:10
BRDA:25,0,0,3
BRDA:25,0,1,4
BRDA:25,1,0,7
BRDA:25,1,1,6
BRDA:25,1,2,5
BRDA:25,1,3,4
BRF:6
BRH:6
end_of_record
